<?xml version="1.0" encoding="UTF-8"?>
<!-- Generated by org.testng.reporters.JUnitReportReporter -->
<testsuite skipped="0" hostname="DESKTOP-8U4P3Q5" name="com.saucedemo.Testclasses.TC02AddToCart" tests="1" failures="0" timestamp="2022-05-17T11:56:47 IST" time="10.113" errors="0">
  <testcase name="AddtoCartfunctionality" time="10.113" classname="com.saucedemo.Testclasses.TC02AddToCart"/>
  <system-out/>
</testsuite> <!-- com.saucedemo.Testclasses.TC02AddToCart -->
