<?xml version="1.0" encoding="UTF-8"?>
<!-- Generated by org.testng.reporters.JUnitReportReporter -->
<testsuite skipped="0" hostname="DESKTOP-8U4P3Q5" name="com.saucedemo.Testclasses.TC01loginfunctionality" tests="4" failures="0" timestamp="2022-05-17T12:53:46 IST" time="106.353" errors="0">
  <testcase name="loginfunctionality" time="3.258" classname="com.saucedemo.Testclasses.TC01loginfunctionality"/>
  <system-out/>
  <testcase name="loginfunctionality" time="75.011" classname="com.saucedemo.Testclasses.TC01loginfunctionality"/>
  <system-out/>
  <testcase name="AddtoCartfunctionality" time="20.776" classname="com.saucedemo.Testclasses.TC01loginfunctionality"/>
  <system-out/>
  <testcase name="AddtoCartfunctionality" time="7.308" classname="com.saucedemo.Testclasses.TC01loginfunctionality"/>
  <system-out/>
</testsuite> <!-- com.saucedemo.Testclasses.TC01loginfunctionality -->
